<?xml version="1.0" encoding="UTF-8" ?>
<testsuite errors="1" failures="1" hostname="DESKTOP-LNC8732" name="warmup.staff.QuadraticTest" skipped="0" tests="3" time="0.108" timestamp="2023-06-05T04:54:55">
  <properties>
[...]
</properties>
  <testcase classname="warmup.staff.QuadraticTest" name="testRealRoots" time="0.006">
    <failure message="expected:&lt;[]&gt; but was:&lt;[0]&gt;" type="junit.framework.AssertionFailedError">junit.framework.AssertionFailedError: expected:&lt;[]&gt; but was:&lt;[0]&gt;
	at warmup.staff.QuadraticTest.testRealRoots(QuadraticTest.java:37)
	at java.base/jdk.internal.reflect.NativeMethodAccessorImpl.invoke0(Native Method)
	at java.base/jdk.internal.reflect.NativeMethodAccessorImpl.invoke(NativeMethodAccessorImpl.java:77)
	at java.base/jdk.internal.reflect.DelegatingMethodAccessorImpl.invoke(DelegatingMethodAccessorImpl.java:43)
</failure>
  </testcase>
  <testcase classname="warmup.staff.QuadraticTest" name="testComplexRoots" time="0.001">
    <error message="The equation doesnt have integer root(s)." type="java.lang.RuntimeException">java.lang.RuntimeException: The equation doesnt have integer root(s).
	at warmup.Quadratic.roots(Quadratic.java:43)
	at warmup.staff.QuadraticTest.testComplexRoots(QuadraticTest.java:43)
	at java.base/jdk.internal.reflect.NativeMethodAccessorImpl.invoke0(Native Method)
	at java.base/jdk.internal.reflect.NativeMethodAccessorImpl.invoke(NativeMethodAccessorImpl.java:77)
	at java.base/jdk.internal.reflect.DelegatingMethodAccessorImpl.invoke(DelegatingMethodAccessorImpl.java:43)
</error>
  </testcase>
  <testcase classname="warmup.staff.QuadraticTest" name="testOneDegenerateRoot" time="0.001" />
  <system-out><![CDATA[6 -5 1 1
1 -2 2 -4
]]></system-out>
  <system-err><![CDATA[]]></system-err>
</testsuite>
