<?xml version="1.0" encoding="UTF-8" ?>
<testsuite errors="6" failures="0" hostname="DESKTOP-LNC8732" name="expressivo.beta.JavaInterfaceTest" skipped="0" tests="6" time="0.108" timestamp="2023-06-05T01:04:46">
  <properties>
[...]
</properties>
  <testcase classname="expressivo.beta.JavaInterfaceTest" name="testParseEquals" time="0.005">
    <error message="unimplemented" type="java.lang.RuntimeException">java.lang.RuntimeException: unimplemented
	at expressivo.Expression.parse(Expression.java:28)
	at expressivo.beta.JavaInterfaceTest.testParseEquals(JavaInterfaceTest.java:22)
	at java.base/jdk.internal.reflect.NativeMethodAccessorImpl.invoke0(Native Method)
	at java.base/jdk.internal.reflect.NativeMethodAccessorImpl.invoke(NativeMethodAccessorImpl.java:77)
	at java.base/jdk.internal.reflect.DelegatingMethodAccessorImpl.invoke(DelegatingMethodAccessorImpl.java:43)
</error>
  </testcase>
  <testcase classname="expressivo.beta.JavaInterfaceTest" name="testDifferentiate" time="0.001">
    <error message="unimplemented" type="java.lang.RuntimeException">java.lang.RuntimeException: unimplemented
	at expressivo.Commands.differentiate(Commands.java:24)
	at expressivo.beta.JavaInterfaceTest.testDifferentiate(JavaInterfaceTest.java:39)
	at java.base/jdk.internal.reflect.NativeMethodAccessorImpl.invoke0(Native Method)
	at java.base/jdk.internal.reflect.NativeMethodAccessorImpl.invoke(NativeMethodAccessorImpl.java:77)
	at java.base/jdk.internal.reflect.DelegatingMethodAccessorImpl.invoke(DelegatingMethodAccessorImpl.java:43)
</error>
  </testcase>
  <testcase classname="expressivo.beta.JavaInterfaceTest" name="testParseToString" time="0.0">
    <error message="unimplemented" type="java.lang.RuntimeException">java.lang.RuntimeException: unimplemented
	at expressivo.Expression.parse(Expression.java:28)
	at expressivo.beta.JavaInterfaceTest.testParseToString(JavaInterfaceTest.java:30)
	at java.base/jdk.internal.reflect.NativeMethodAccessorImpl.invoke0(Native Method)
	at java.base/jdk.internal.reflect.NativeMethodAccessorImpl.invoke(NativeMethodAccessorImpl.java:77)
	at java.base/jdk.internal.reflect.DelegatingMethodAccessorImpl.invoke(DelegatingMethodAccessorImpl.java:43)
</error>
  </testcase>
  <testcase classname="expressivo.beta.JavaInterfaceTest" name="testSimplifyTwice" time="0.001">
    <error message="unimplemented" type="java.lang.RuntimeException">java.lang.RuntimeException: unimplemented
	at expressivo.Commands.simplify(Commands.java:40)
	at expressivo.beta.JavaInterfaceTest.testSimplifyTwice(JavaInterfaceTest.java:61)
	at java.base/jdk.internal.reflect.NativeMethodAccessorImpl.invoke0(Native Method)
	at java.base/jdk.internal.reflect.NativeMethodAccessorImpl.invoke(NativeMethodAccessorImpl.java:77)
	at java.base/jdk.internal.reflect.DelegatingMethodAccessorImpl.invoke(DelegatingMethodAccessorImpl.java:43)
</error>
  </testcase>
  <testcase classname="expressivo.beta.JavaInterfaceTest" name="testParseInvalid" time="0.001">
    <error message="Unexpected exception, expected&lt;java.lang.IllegalArgumentException&gt; but was&lt;java.lang.RuntimeException&gt;" type="java.lang.Exception">java.lang.Exception: Unexpected exception, expected&lt;java.lang.IllegalArgumentException&gt; but was&lt;java.lang.RuntimeException&gt;
Caused by: java.lang.RuntimeException: unimplemented
	at expressivo.Expression.parse(Expression.java:28)
	at expressivo.beta.JavaInterfaceTest.testParseInvalid(JavaInterfaceTest.java:17)
	at java.base/jdk.internal.reflect.NativeMethodAccessorImpl.invoke0(Native Method)
	at java.base/jdk.internal.reflect.NativeMethodAccessorImpl.invoke(NativeMethodAccessorImpl.java:77)
	at java.base/jdk.internal.reflect.DelegatingMethodAccessorImpl.invoke(DelegatingMethodAccessorImpl.java:43)
</error>
  </testcase>
  <testcase classname="expressivo.beta.JavaInterfaceTest" name="testSimplify" time="0.001">
    <error message="unimplemented" type="java.lang.RuntimeException">java.lang.RuntimeException: unimplemented
	at expressivo.Commands.simplify(Commands.java:40)
	at expressivo.beta.JavaInterfaceTest.testSimplify(JavaInterfaceTest.java:50)
	at java.base/jdk.internal.reflect.NativeMethodAccessorImpl.invoke0(Native Method)
	at java.base/jdk.internal.reflect.NativeMethodAccessorImpl.invoke(NativeMethodAccessorImpl.java:77)
	at java.base/jdk.internal.reflect.DelegatingMethodAccessorImpl.invoke(DelegatingMethodAccessorImpl.java:43)
</error>
  </testcase>
  <system-out><![CDATA[]]></system-out>
  <system-err><![CDATA[]]></system-err>
</testsuite>
